<?xml version="1.0" encoding="UTF-8"?>
<!-- Generated by org.testng.reporters.JUnitXMLReporter -->
<testsuite hostname="MP2LTDDCJKFSLQ2" ignored="0" name="BankingApp Test" tests="1" failures="1" timestamp="20 Aug 2020 09:07:46 GMT" time="24.157" errors="0">
  <testcase name="loginTest" time="2.71" classname="com.inetBanking.TestCases.TC_Login_001">
    <failure type="junit.framework.AssertionFailedError">
      <![CDATA[junit.framework.AssertionFailedError
at junit.framework.Assert.fail(Assert.java:47)
at junit.framework.Assert.assertTrue(Assert.java:20)
at junit.framework.Assert.assertTrue(Assert.java:27)
at com.inetBanking.TestCases.TC_Login_001.loginTest(TC_Login_001.java:39)
... Removed 28 stack frames]]>
    </failure>
  </testcase> <!-- loginTest -->
</testsuite> <!-- BankingApp Test -->
