<?xml version="1.0" encoding="UTF-8"?>
<testng-results skipped="0" failed="0" ignored="0" total="1" passed="1">
  <reporter-output>
  </reporter-output>
  <suite name="InetBanking_V1" duration-ms="21537" started-at="2020-09-05T10:32:53Z" finished-at="2020-09-05T10:33:15Z">
    <groups>
    </groups>
    <test name="BankingApp Test" duration-ms="21537" started-at="2020-09-05T10:32:53Z" finished-at="2020-09-05T10:33:15Z">
      <class name="com.inetBanking.TestCases.TC_NewAccount_004">
        <test-method status="PASS" signature="setUp(java.lang.String)[pri:0, instance:com.inetBanking.TestCases.TC_NewAccount_004@146ba0ac]" name="setUp" is-config="true" duration-ms="12513" started-at="2020-09-05T10:32:54Z" finished-at="2020-09-05T10:33:06Z">
          <params>
            <param index="0">
              <value>
                <![CDATA[chrome]]>
              </value>
            </param>
          </params>
          <reporter-output>
          </reporter-output>
        </test-method> <!-- setUp -->
        <test-method status="PASS" signature="NewAccountCration()[pri:0, instance:com.inetBanking.TestCases.TC_NewAccount_004@146ba0ac]" name="NewAccountCration" duration-ms="7580" started-at="2020-09-05T10:33:06Z" finished-at="2020-09-05T10:33:14Z">
          <reporter-output>
          </reporter-output>
        </test-method> <!-- NewAccountCration -->
        <test-method status="PASS" signature="tearDown()[pri:0, instance:com.inetBanking.TestCases.TC_NewAccount_004@146ba0ac]" name="tearDown" is-config="true" duration-ms="1022" started-at="2020-09-05T10:33:14Z" finished-at="2020-09-05T10:33:15Z">
          <reporter-output>
          </reporter-output>
        </test-method> <!-- tearDown -->
      </class> <!-- com.inetBanking.TestCases.TC_NewAccount_004 -->
    </test> <!-- BankingApp Test -->
  </suite> <!-- InetBanking_V1 -->
</testng-results>
